<?xml version="1.0" encoding="UTF-8"?><testsuite failures="0" name="cucumber.runtime.formatter.JUnitFormatter" skipped="0" tests="1" time="20.394402">
<testcase classname="Deal data creation" name="Free CRM create a new deal" time="20.394402">
<system-out><![CDATA[Given usser is already on login page........................................passed
When title of login page is Free CRM........................................passed
Then user enters username and password......................................passed
Then usser clicks on login button...........................................passed
Then user is on home page...................................................passed
Then user moves to new deal page............................................passed
Then user enters deal details...............................................passed
Then Close the browser......................................................passed
]]></system-out>
</testcase>
</testsuite>
